Execute Anonymous

================================

List<Safety_Equipment__c> s = [Select id FROM Safety_Equipment__c Limit 5000];
delete s;

================================

28.0 APEX_CODE,DEBUG;APEX_PROFILING,DEBUG;CALLOUT,INFO;DB,INFO;VALIDATION,INFO;WORKFLOW,INFO
Execute Anonymous: List<Safety_Equipment__c> s = [Select id FROM Safety_Equipment__c Limit 5000];
Execute Anonymous: delete s;
09:59:33.095 (95133000)|EXECUTION_STARTED
09:59:33.095 (95144000)|CODE_UNIT_STARTED|[EXTERNAL]|execute_anonymous_apex
09:59:33.096 (96018000)|SOQL_EXECUTE_BEGIN|[1]|Aggregations:0|select id from Safety_Equipment__c limit 5000
09:59:33.109 (109983000)|SOQL_EXECUTE_END|[1]|Rows:155
09:59:33.110 (110218000)|DML_BEGIN|[2]|Op:Delete|Type:Safety_Equipment__c|Rows:155
09:59:35.336 (2336376000)|DML_END|[2]
09:59:35.504 (2395187000)|CUMULATIVE_LIMIT_USAGE
09:59:35.504|LIMIT_USAGE_FOR_NS|(default)|
  Number of SOQL queries: 1 out of 100
  Number of query rows: 155 out of 50000
  Number of SOSL queries: 0 out of 20
  Number of DML statements: 1 out of 150
  Number of DML rows: 155 out of 10000
  Number of code statements: 2 out of 200000
  Maximum CPU time: 0 out of 10000
  Maximum heap size: 0 out of 6000000
  Number of callouts: 0 out of 10
  Number of Email Invocations: 0 out of 10
  Number of fields describes: 0 out of 100
  Number of record type describes: 0 out of 100
  Number of child relationships describes: 0 out of 100
  Number of picklist describes: 0 out of 100
  Number of future calls: 0 out of 10

09:59:35.504|CUMULATIVE_LIMIT_USAGE_END

09:59:35.395 (2395231000)|CODE_UNIT_FINISHED|execute_anonymous_apex
09:59:35.395 (2395247000)|EXECUTION_FINISHED